2024-07-25 13:20:40,970 DEBUG    root            Loaded Command Group: ['gcloud', 'components']
2024-07-25 13:20:40,972 DEBUG    root            Loaded Command Group: ['gcloud', 'components', 'update']
2024-07-25 13:20:40,976 DEBUG    root            Running [gcloud.components.update] with arguments: [--quiet: "True", COMPONENT-IDS:8: "['gcloud', 'core', 'bq', 'gsutil', 'compute', 'preview', 'alpha', 'beta']"]
2024-07-25 13:20:40,977 INFO     ___FILE_ONLY___ Beginning update. This process may take several minutes.

2024-07-25 13:20:40,987 DEBUG    urllib3.connectionpool Starting new HTTPS connection (1): dl.google.com:443
2024-07-25 13:20:41,065 DEBUG    urllib3.connectionpool https://dl.google.com:443 "GET /dl/cloudsdk/channels/rapid/components-2.json HTTP/1.1" 200 223375
2024-07-25 13:20:41,088 WARNING  root            Component [preview] no longer exists.
2024-07-25 13:20:41,089 WARNING  root            Component [compute] no longer exists.
2024-07-25 13:20:41,090 INFO     ___FILE_ONLY___ 

2024-07-25 13:20:41,090 INFO     ___FILE_ONLY___ 
Your current Google Cloud CLI version is: 485.0.0

2024-07-25 13:20:41,090 INFO     ___FILE_ONLY___ Installing components from version: 485.0.0

2024-07-25 13:20:41,091 INFO     ___FILE_ONLY___ 

2024-07-25 13:20:41,091 DEBUG    root            Chosen display Format:table[box,title="These components will be removed."](details.display_name:label=Name:align=left,version.version_string:label=Version:align=right,data.size.size(zero="",min=1048576):label=Size:align=right)
2024-07-25 13:20:41,092 DEBUG    root            Chosen display Format:table[box,title="These components will be updated."](details.display_name:label=Name:align=left,version.version_string:label=Version:align=right,data.size.size(zero="",min=1048576):label=Size:align=right)
2024-07-25 13:20:41,092 DEBUG    root            Chosen display Format:table[box,title="These components will be installed."](details.display_name:label=Name:align=left,version.version_string:label=Version:align=right,data.size.size(zero="",min=1048576):label=Size:align=right)
2024-07-25 13:20:41,136 INFO     ___FILE_ONLY___ ┌──────────────────────────────────────────────┐
2024-07-25 13:20:41,136 INFO     ___FILE_ONLY___ 

2024-07-25 13:20:41,136 INFO     ___FILE_ONLY___ │     These components will be installed.      │
2024-07-25 13:20:41,136 INFO     ___FILE_ONLY___ 

2024-07-25 13:20:41,136 INFO     ___FILE_ONLY___ ├───────────────────────┬────────────┬─────────┤
2024-07-25 13:20:41,137 INFO     ___FILE_ONLY___ 

2024-07-25 13:20:41,137 INFO     ___FILE_ONLY___ │          Name         │  Version   │   Size  │
2024-07-25 13:20:41,137 INFO     ___FILE_ONLY___ 

2024-07-25 13:20:41,137 INFO     ___FILE_ONLY___ ├───────────────────────┼────────────┼─────────┤
2024-07-25 13:20:41,137 INFO     ___FILE_ONLY___ 

2024-07-25 13:20:41,137 INFO     ___FILE_ONLY___ │ 
2024-07-25 13:20:41,137 INFO     ___FILE_ONLY___ gcloud Alpha Commands
2024-07-25 13:20:41,137 INFO     ___FILE_ONLY___  
2024-07-25 13:20:41,137 INFO     ___FILE_ONLY___ │ 
2024-07-25 13:20:41,137 INFO     ___FILE_ONLY___ 2024.07.19
2024-07-25 13:20:41,137 INFO     ___FILE_ONLY___  
2024-07-25 13:20:41,137 INFO     ___FILE_ONLY___ │ 
2024-07-25 13:20:41,137 INFO     ___FILE_ONLY___ < 1 MiB
2024-07-25 13:20:41,137 INFO     ___FILE_ONLY___  
2024-07-25 13:20:41,138 INFO     ___FILE_ONLY___ │
2024-07-25 13:20:41,138 INFO     ___FILE_ONLY___ 

2024-07-25 13:20:41,138 INFO     ___FILE_ONLY___ │ 
2024-07-25 13:20:41,138 INFO     ___FILE_ONLY___ gcloud Beta Commands 
2024-07-25 13:20:41,138 INFO     ___FILE_ONLY___  
2024-07-25 13:20:41,138 INFO     ___FILE_ONLY___ │ 
2024-07-25 13:20:41,138 INFO     ___FILE_ONLY___ 2024.07.19
2024-07-25 13:20:41,138 INFO     ___FILE_ONLY___  
2024-07-25 13:20:41,138 INFO     ___FILE_ONLY___ │ 
2024-07-25 13:20:41,138 INFO     ___FILE_ONLY___ < 1 MiB
2024-07-25 13:20:41,138 INFO     ___FILE_ONLY___  
2024-07-25 13:20:41,138 INFO     ___FILE_ONLY___ │
2024-07-25 13:20:41,138 INFO     ___FILE_ONLY___ 

2024-07-25 13:20:41,138 INFO     ___FILE_ONLY___ └───────────────────────┴────────────┴─────────┘
2024-07-25 13:20:41,139 INFO     ___FILE_ONLY___ 

2024-07-25 13:20:41,139 INFO     ___FILE_ONLY___ 

2024-07-25 13:20:41,143 DEBUG    urllib3.connectionpool Starting new HTTPS connection (1): dl.google.com:443
2024-07-25 13:20:41,281 DEBUG    urllib3.connectionpool https://dl.google.com:443 "GET /dl/cloudsdk/channels/rapid/RELEASE_NOTES HTTP/1.1" 200 1246196
2024-07-25 13:20:41,406 INFO     ___FILE_ONLY___ For the latest full release notes, please visit:
  https://cloud.google.com/sdk/release_notes


2024-07-25 13:20:41,406 INFO     ___FILE_ONLY___ Performing in place update...


2024-07-25 13:20:41,408 INFO     ___FILE_ONLY___ ╔════════════════════════════════════════════════════════════╗

2024-07-25 13:20:41,409 INFO     ___FILE_ONLY___ ╠═ Downloading: gcloud Alpha Commands                       ═╣

2024-07-25 13:20:41,409 INFO     ___FILE_ONLY___ ╚
2024-07-25 13:20:41,413 DEBUG    urllib3.connectionpool Starting new HTTPS connection (1): dl.google.com:443
2024-07-25 13:20:41,589 DEBUG    urllib3.connectionpool https://dl.google.com:443 "GET /dl/cloudsdk/channels/rapid/components/google-cloud-sdk-alpha-20240719191136.tar.gz HTTP/1.1" 200 800
2024-07-25 13:20:41,590 INFO     ___FILE_ONLY___ ════════════════════════════════════════════════════════════
2024-07-25 13:20:41,590 INFO     ___FILE_ONLY___ ╝

2024-07-25 13:20:41,592 INFO     ___FILE_ONLY___ ╔════════════════════════════════════════════════════════════╗

2024-07-25 13:20:41,593 INFO     ___FILE_ONLY___ ╠═ Downloading: gcloud Beta Commands                        ═╣

2024-07-25 13:20:41,593 INFO     ___FILE_ONLY___ ╚
2024-07-25 13:20:41,598 DEBUG    urllib3.connectionpool Starting new HTTPS connection (1): dl.google.com:443
2024-07-25 13:20:41,672 DEBUG    urllib3.connectionpool https://dl.google.com:443 "GET /dl/cloudsdk/channels/rapid/components/google-cloud-sdk-beta-20240719191136.tar.gz HTTP/1.1" 200 797
2024-07-25 13:20:41,673 INFO     ___FILE_ONLY___ ════════════════════════════════════════════════════════════
2024-07-25 13:20:41,673 INFO     ___FILE_ONLY___ ╝

2024-07-25 13:20:41,675 INFO     ___FILE_ONLY___ ╔════════════════════════════════════════════════════════════╗

2024-07-25 13:20:41,675 INFO     ___FILE_ONLY___ ╠═ Installing: gcloud Alpha Commands                        ═╣

2024-07-25 13:20:41,675 INFO     ___FILE_ONLY___ ╚
2024-07-25 13:20:41,677 INFO     ___FILE_ONLY___ ════════════════════════════════════════════════════════════
2024-07-25 13:20:41,677 INFO     ___FILE_ONLY___ ╝

2024-07-25 13:20:41,685 INFO     ___FILE_ONLY___ ╔════════════════════════════════════════════════════════════╗

2024-07-25 13:20:41,685 INFO     ___FILE_ONLY___ ╠═ Installing: gcloud Beta Commands                         ═╣

2024-07-25 13:20:41,685 INFO     ___FILE_ONLY___ ╚
2024-07-25 13:20:41,686 INFO     ___FILE_ONLY___ ════════════════════════════════════════════════════════════
2024-07-25 13:20:41,687 INFO     ___FILE_ONLY___ ╝

2024-07-25 13:20:41,697 DEBUG    root            Updating notification cache...
2024-07-25 13:20:41,697 INFO     ___FILE_ONLY___ 

2024-07-25 13:20:41,700 INFO     ___FILE_ONLY___ Performing post processing steps...
2024-07-25 13:20:41,700 DEBUG    root            Executing command: ['/tools/google-cloud-sdk/bin/gcloud', 'components', 'post-process']
2024-07-25 13:20:53,176 DEBUG    ___FILE_ONLY___ 
2024-07-25 13:20:53,176 DEBUG    ___FILE_ONLY___ 
2024-07-25 13:20:53,217 INFO     ___FILE_ONLY___ 
Update done!


2024-07-25 13:20:53,221 DEBUG    root            Chosen display Format:none
2024-07-25 13:20:53,221 INFO     root            Display format: "none"
